# JRE version: OpenJDK Runtime Environment (11.0.15) (build 11.0.15+0-b2043.56-8887301)
# Java VM: OpenJDK 64-Bit Server VM (11.0.15+0-b2043.56-8887301, mixed mode, tiered, compressed oops, g1 gc, windows-amd64)
Heap:
 garbage-first heap   total 131072K, used 26170K [0x0000000081c00000, 0x0000000100000000)
  region size 1024K, 12 young (12288K), 1 survivors (1024K)
 Metaspace       used 26437K, capacity 26805K, committed 27136K, reserved 1073152K
  class space    used 2805K, capacity 2971K, committed 3072K, reserved 1048576K
GC Heap History (6 events):
Event: 15.267 GC heap before
{Heap before GC invocations=0 (full 0):
 garbage-first heap   total 131072K, used 18432K [0x0000000081c00000, 0x0000000100000000)
  region size 1024K, 14 young (14336K), 0 survivors (0K)
 Metaspace       used 9885K, capacity 9970K, committed 10112K, reserved 1058816K
  class space    used 824K, capacity 853K, committed 896K, reserved 1048576K
}
Event: 15.272 GC heap after
{Heap after GC invocations=1 (full 0):
 garbage-first heap   total 131072K, used 6523K [0x0000000081c00000, 0x0000000100000000)
  region size 1024K, 2 young (2048K), 2 survivors (2048K)
 Metaspace       used 9885K, capacity 9970K, committed 10112K, reserved 1058816K
  class space    used 824K, capacity 853K, committed 896K, reserved 1048576K
}
Event: 38.397 GC heap before
{Heap before GC invocations=1 (full 0):
 garbage-first heap   total 131072K, used 52603K [0x0000000081c00000, 0x0000000100000000)
  region size 1024K, 48 young (49152K), 2 survivors (2048K)
 Metaspace       used 20975K, capacity 21187K, committed 21248K, reserved 1069056K
  class space    used 2206K, capacity 2301K, committed 2304K, reserved 1048576K
}
Event: 38.592 GC heap after
{Heap after GC invocations=2 (full 0):
 garbage-first heap   total 131072K, used 11084K [0x0000000081c00000, 0x0000000100000000)
  region size 1024K, 7 young (7168K), 7 survivors (7168K)
 Metaspace       used 20975K, capacity 21187K, committed 21248K, reserved 1069056K
  class space    used 2206K, capacity 2301K, committed 2304K, reserved 1048576K
}
Event: 45.354 GC heap before
{Heap before GC invocations=3 (full 0):
 garbage-first heap   total 131072K, used 19276K [0x0000000081c00000, 0x0000000100000000)
  region size 1024K, 15 young (15360K), 7 survivors (7168K)
 Metaspace       used 23284K, capacity 23571K, committed 23680K, reserved 1071104K
  class space    used 2490K, capacity 2590K, committed 2688K, reserved 1048576K
}
Event: 45.365 GC heap after
{Heap after GC invocations=4 (full 0):
 garbage-first heap   total 131072K, used 11834K [0x0000000081c00000, 0x0000000100000000)
  region size 1024K, 1 young (1024K), 1 survivors (1024K)
 Metaspace       used 23284K, capacity 23571K, committed 23680K, reserved 1071104K
  class space    used 2490K, capacity 2590K, committed 2688K, reserved 1048576K
}

