# JRE version: OpenJDK Runtime Environment (11.0.15) (build 11.0.15+0-b2043.56-8887301)
# Java VM: OpenJDK 64-Bit Server VM (11.0.15+0-b2043.56-8887301, mixed mode, tiered, compressed oops, g1 gc, windows-amd64)
Heap:
 garbage-first heap   total 131072K, used 63731K [0x0000000080000000, 0x0000000100000000)
  region size 1024K, 50 young (51200K), 4 survivors (4096K)
 Metaspace       used 25448K, capacity 26049K, committed 26288K, reserved 1073152K
  class space    used 3276K, capacity 3482K, committed 3584K, reserved 1048576K
GC Heap History (10 events):
Event: 16.266 GC heap before
{Heap before GC invocations=0 (full 0):
 garbage-first heap   total 131072K, used 16384K [0x0000000080000000, 0x0000000100000000)
  region size 1024K, 14 young (14336K), 0 survivors (0K)
 Metaspace       used 6746K, capacity 6929K, committed 7168K, reserved 1056768K
  class space    used 571K, capacity 650K, committed 768K, reserved 1048576K
}
Event: 16.271 GC heap after
{Heap after GC invocations=1 (full 0):
 garbage-first heap   total 131072K, used 4371K [0x0000000080000000, 0x0000000100000000)
  region size 1024K, 2 young (2048K), 2 survivors (2048K)
 Metaspace       used 6746K, capacity 6929K, committed 7168K, reserved 1056768K
  class space    used 571K, capacity 650K, committed 768K, reserved 1048576K
}
Event: 27.692 GC heap before
{Heap before GC invocations=1 (full 0):
 garbage-first heap   total 131072K, used 19731K [0x0000000080000000, 0x0000000100000000)
  region size 1024K, 14 young (14336K), 2 survivors (2048K)
 Metaspace       used 10304K, capacity 10559K, committed 10624K, reserved 1058816K
  class space    used 1055K, capacity 1141K, committed 1152K, reserved 1048576K
}
Event: 27.696 GC heap after
{Heap after GC invocations=2 (full 0):
 garbage-first heap   total 131072K, used 9577K [0x0000000080000000, 0x0000000100000000)
  region size 1024K, 2 young (2048K), 2 survivors (2048K)
 Metaspace       used 10304K, capacity 10559K, committed 10624K, reserved 1058816K
  class space    used 1055K, capacity 1141K, committed 1152K, reserved 1048576K
}
Event: 43.071 GC heap before
{Heap before GC invocations=2 (full 0):
 garbage-first heap   total 131072K, used 46441K [0x0000000080000000, 0x0000000100000000)
  region size 1024K, 37 young (37888K), 2 survivors (2048K)
 Metaspace       used 11416K, capacity 11762K, committed 11904K, reserved 1060864K
  class space    used 1177K, capacity 1286K, committed 1408K, reserved 1048576K
}
Event: 43.077 GC heap after
{Heap after GC invocations=3 (full 0):
 garbage-first heap   total 131072K, used 14402K [0x0000000080000000, 0x0000000100000000)
  region size 1024K, 5 young (5120K), 5 survivors (5120K)
 Metaspace       used 11416K, capacity 11762K, committed 11904K, reserved 1060864K
  class space    used 1177K, capacity 1286K, committed 1408K, reserved 1048576K
}
Event: 84.885 GC heap before
{Heap before GC invocations=3 (full 0):
 garbage-first heap   total 131072K, used 61506K [0x0000000080000000, 0x0000000100000000)
  region size 1024K, 52 young (53248K), 5 survivors (5120K)
 Metaspace       used 19994K, capacity 20407K, committed 20480K, reserved 1067008K
  class space    used 2372K, capacity 2489K, committed 2560K, reserved 1048576K
}
Event: 84.894 GC heap after
{Heap after GC invocations=4 (full 0):
 garbage-first heap   total 131072K, used 17235K [0x0000000080000000, 0x0000000100000000)
  region size 1024K, 6 young (6144K), 6 survivors (6144K)
 Metaspace       used 19994K, capacity 20407K, committed 20480K, reserved 1067008K
  class space    used 2372K, capacity 2489K, committed 2560K, reserved 1048576K
}
Event: 88.315 GC heap before
{Heap before GC invocations=4 (full 0):
 garbage-first heap   total 131072K, used 29523K [0x0000000080000000, 0x0000000100000000)
  region size 1024K, 19 young (19456K), 6 survivors (6144K)
 Metaspace       used 20779K, capacity 21159K, committed 21296K, reserved 1069056K
  class space    used 2520K, capacity 2653K, committed 2688K, reserved 1048576K
}
Event: 88.321 GC heap after
{Heap after GC invocations=5 (full 0):
 garbage-first heap   total 131072K, used 17651K [0x0000000080000000, 0x0000000100000000)
  region size 1024K, 4 young (4096K), 4 survivors (4096K)
 Metaspace       used 20779K, capacity 21159K, committed 21296K, reserved 1069056K
  class space    used 2520K, capacity 2653K, committed 2688K, reserved 1048576K
}

